<?xml version="1.0" encoding="UTF-8"?>
<!-- Generated by org.testng.reporters.JUnitReportReporter -->
<testsuite hostname="LAPTOP-HK9M3BFE" failures="0" tests="1" name="com.proyect.test.RegisterTest" time="15.958" errors="0" timestamp="2020-07-24T13:21:13 CLT" skipped="0">
  <testcase classname="com.proyect.test.RegisterTest" name="publishTest" time="15.958"/>
  <system-out/>
</testsuite> <!-- com.proyect.test.RegisterTest -->
