<?xml version="1.0" encoding="UTF-8"?>
<!-- Generated by org.testng.reporters.JUnitReportReporter -->
<testsuite hostname="LAPTOP-HK9M3BFE" failures="0" tests="1" name="com.proyect.pom.SearchTest" time="29.870" errors="0" timestamp="2020-07-23T09:40:28 CLT" skipped="0">
  <testcase classname="com.proyect.pom.SearchTest" name="searchTest" time="29.870"/>
  <system-out/>
</testsuite> <!-- com.proyect.pom.SearchTest -->
