<?xml version="1.0" encoding="UTF-8"?>
<!-- Generated by org.testng.reporters.JUnitReportReporter -->
<testsuite hostname="LAPTOP-HK9M3BFE" failures="0" tests="1" name="com.proyect.pom.PublishTest" time="16.899" errors="0" timestamp="2020-07-22T11:37:41 CLT" skipped="0">
  <testcase classname="com.proyect.pom.PublishTest" name="Publish" time="16.899"/>
  <system-out/>
</testsuite> <!-- com.proyect.pom.PublishTest -->
