<?xml version="1.0" encoding="UTF-8"?>
<!-- Generated by org.testng.reporters.JUnitReportReporter -->
<testsuite hostname="LAPTOP-HK9M3BFE" failures="0" tests="1" name="com.proyect.pom.RegisterTest" time="8.197" errors="0" timestamp="2020-07-21T13:23:25 CLT" skipped="0">
  <testcase classname="com.proyect.pom.RegisterTest" name="publishTest" time="8.197"/>
  <system-out/>
</testsuite> <!-- com.proyect.pom.RegisterTest -->
