<?xml version="1.0" encoding="UTF-8"?>
<!-- Generated by org.testng.reporters.JUnitReportReporter -->
<testsuite hostname="LAPTOP-HK9M3BFE" failures="0" tests="1" name="com.proyect.test.PublishTest" time="17.868" errors="0" timestamp="2020-07-24T13:20:19 CLT" skipped="0">
  <testcase classname="com.proyect.test.PublishTest" name="Publish" time="17.868"/>
  <system-out/>
</testsuite> <!-- com.proyect.test.PublishTest -->
