<?xml version="1.0" encoding="UTF-8"?>
<!-- Generated by org.testng.reporters.JUnitReportReporter -->
<testsuite hostname="LAPTOP-HK9M3BFE" failures="0" tests="1" name="com.proyect.test.PublishTest" time="16.534" errors="0" timestamp="2020-07-27T10:54:49 CLT" skipped="0">
  <testcase classname="com.proyect.test.PublishTest" name="Publish" time="16.534"/>
  <system-out/>
</testsuite> <!-- com.proyect.test.PublishTest -->
